#! /home/shashank/NIRSighted/SDK/oss-cad-suite/bin/vvp
:ivl_version "13.0 (devel)" "(s20221226-95-gda1cefe8e)";
:ivl_delay_selection "TYPICAL";
:vpi_time_precision - 10;
:vpi_module "/home/shashank/NIRSighted/SDK/oss-cad-suite/lib/ivl/system.vpi";
:vpi_module "/home/shashank/NIRSighted/SDK/oss-cad-suite/lib/ivl/vhdl_sys.vpi";
:vpi_module "/home/shashank/NIRSighted/SDK/oss-cad-suite/lib/ivl/vhdl_textio.vpi";
:vpi_module "/home/shashank/NIRSighted/SDK/oss-cad-suite/lib/ivl/v2005_math.vpi";
:vpi_module "/home/shashank/NIRSighted/SDK/oss-cad-suite/lib/ivl/va_math.vpi";
:vpi_module "/home/shashank/NIRSighted/SDK/oss-cad-suite/lib/ivl/v2009.vpi";
S_0x55555582f400 .scope package, "$unit" "$unit" 2 1;
 .timescale 0 0;
S_0x55555582fde0 .scope module, "hexdigit" "hexdigit" 3 68;
 .timescale -9 -10;
    .port_info 0 /INPUT 4 "num";
    .port_info 1 /OUTPUT 8 "ascii";
v0x555555835d90_0 .var "ascii", 7 0;
o0x7f72ca56d048 .functor BUFZ 4, C4<zzzz>; HiZ drive
v0x5555558379e0_0 .net "num", 3 0, o0x7f72ca56d048;  0 drivers
E_0x55555584a8a0 .event anyedge, v0x5555558379e0_0;
S_0x555555831a60 .scope module, "pulse_one" "pulse_one" 3 43;
 .timescale -9 -10;
    .port_info 0 /INPUT 1 "clock";
    .port_info 1 /INPUT 1 "reset";
    .port_info 2 /OUTPUT 1 "pulse";
P_0x555555866240 .param/l "pulse_bitwidth" 1 3 49, +C4<00000000000000000000000000001010>;
P_0x555555866280 .param/l "pulse_delay" 0 3 46, +C4<00000000000000000000000111111111>;
P_0x5555558662c0 .param/l "pulse_maxval" 1 3 48, +C4<0000000000000000000000001000001111>;
P_0x555555866300 .param/l "pulse_width" 0 3 47, +C4<00000000000000000000000000001111>;
L_0x555555832570 .functor AND 1, L_0x555555897c90, L_0x555555897f40, C4<1>, C4<1>;
v0x5555558503f0_0 .net *"_ivl_0", 31 0, L_0x555555887b30;  1 drivers
L_0x7f72ca5240a8 .functor BUFT 1, C4<000000000000000000000000>, C4<0>, C4<0>, C4<0>;
v0x555555850250_0 .net *"_ivl_11", 23 0, L_0x7f72ca5240a8;  1 drivers
L_0x7f72ca5240f0 .functor BUFT 1, C4<0000000000000000000000001000001111>, C4<0>, C4<0>, C4<0>;
v0x5555558326c0_0 .net/2u *"_ivl_12", 33 0, L_0x7f72ca5240f0;  1 drivers
v0x5555558592f0_0 .net *"_ivl_14", 0 0, L_0x555555897f40;  1 drivers
L_0x7f72ca524018 .functor BUFT 1, C4<0000000000000000000000>, C4<0>, C4<0>, C4<0>;
v0x55555582f900_0 .net *"_ivl_3", 21 0, L_0x7f72ca524018;  1 drivers
L_0x7f72ca524060 .functor BUFT 1, C4<00000000000000000000000111111111>, C4<0>, C4<0>, C4<0>;
v0x555555881090_0 .net/2u *"_ivl_4", 31 0, L_0x7f72ca524060;  1 drivers
v0x555555881170_0 .net *"_ivl_6", 0 0, L_0x555555897c90;  1 drivers
v0x555555881230_0 .net *"_ivl_8", 33 0, L_0x555555897e00;  1 drivers
o0x7f72ca56d258 .functor BUFZ 1, C4<z>; HiZ drive
v0x555555881310_0 .net "clock", 0 0, o0x7f72ca56d258;  0 drivers
v0x5555558813d0_0 .var "count", 9 0;
v0x5555558814b0_0 .net "pulse", 0 0, L_0x555555832570;  1 drivers
o0x7f72ca56d2e8 .functor BUFZ 1, C4<z>; HiZ drive
v0x555555881570_0 .net "reset", 0 0, o0x7f72ca56d2e8;  0 drivers
E_0x55555584a5e0 .event posedge, v0x555555881310_0;
L_0x555555887b30 .concat [ 10 22 0 0], v0x5555558813d0_0, L_0x7f72ca524018;
L_0x555555897c90 .cmp/gt 32, L_0x555555887b30, L_0x7f72ca524060;
L_0x555555897e00 .concat [ 10 24 0 0], v0x5555558813d0_0, L_0x7f72ca5240a8;
L_0x555555897f40 .cmp/gt 34, L_0x7f72ca5240f0, L_0x555555897e00;
S_0x555555852ca0 .scope module, "test" "test" 4 1;
 .timescale -9 -10;
v0x555555887820_0 .net "hm01b0_scl", 0 0, L_0x555555898960;  1 drivers
v0x5555558878e0_0 .net "hm01b0_sda", 0 0, L_0x555555898820;  1 drivers
v0x5555558879f0_0 .var/i "idx", 31 0;
v0x555555887a90_0 .var "osc_12m", 0 0;
S_0x5555558816b0 .scope module, "dut" "hm01b0_jpeg_top" 4 10, 5 157 0, S_0x555555852ca0;
 .timescale -9 -10;
    .port_info 0 /INPUT 1 "osc_12m";
    .port_info 1 /INOUT 1 "hm01b0_sda";
    .port_info 2 /INOUT 1 "hm01b0_scl";
    .port_info 3 /INPUT 8 "hm01b0_pixdata";
    .port_info 4 /INPUT 1 "hm01b0_pixclk";
    .port_info 5 /INPUT 1 "hm01b0_hsync";
    .port_info 6 /INPUT 1 "hm01b0_vsync";
    .port_info 7 /OUTPUT 1 "hm01b0_mck";
    .port_info 8 /OUTPUT 1 "config_ps";
    .port_info 9 /OUTPUT 1 "uart_tx_config_copi";
    .port_info 10 /OUTPUT 1 "hm01b0_trig_debug_led";
    .port_info 11 /OUTPUT 7 "gpio";
    .port_info 12 /OUTPUT 1 "gpio43_hiz";
o0x7f72ca56fce8 .functor BUFZ 1, C4<z>; HiZ drive
L_0x555555847bd0 .functor BUFZ 1, o0x7f72ca56fce8, C4<0>, C4<0>, C4<0>;
L_0x555555898c80 .functor BUFZ 1, v0x555555887a90_0, C4<0>, C4<0>, C4<0>;
v0x555555886730_0 .net *"_ivl_14", 1 0, L_0x555555898d90;  1 drivers
o0x7f72ca56fad8 .functor BUFZ 1, C4<z>; HiZ drive
; Elide local net with no drivers, v0x555555886810_0 name=_ivl_4
L_0x7f72ca524180 .functor BUFT 1, C4<0>, C4<0>, C4<0>, C4<0>;
v0x5555558868f0_0 .net/2u *"_ivl_6", 0 0, L_0x7f72ca524180;  1 drivers
L_0x7f72ca524138 .functor BUFT 1, C4<1>, C4<0>, C4<0>, C4<0>;
v0x5555558869b0_0 .net "config_ps", 0 0, L_0x7f72ca524138;  1 drivers
v0x555555886a70_0 .net "gpio", 6 0, L_0x555555898cf0;  1 drivers
v0x555555886b50_0 .net "gpio43_hiz", 0 0, L_0x5555558981d0;  1 drivers
o0x7f72ca56fbc8 .functor BUFZ 1, C4<z>; HiZ drive
v0x555555886c10_0 .net "hm01b0_hsync", 0 0, o0x7f72ca56fbc8;  0 drivers
v0x555555886cd0_0 .net "hm01b0_mck", 0 0, L_0x555555898c80;  1 drivers
o0x7f72ca56fc28 .functor BUFZ 1, C4<z>; HiZ drive
v0x555555886d90_0 .net "hm01b0_pixclk", 0 0, o0x7f72ca56fc28;  0 drivers
o0x7f72ca56fc58 .functor BUFZ 8, C4<zzzzzzzz>; HiZ drive
v0x555555886ee0_0 .net "hm01b0_pixdata", 7 0, o0x7f72ca56fc58;  0 drivers
v0x555555886fc0_0 .net "hm01b0_scl", 0 0, L_0x555555898960;  alias, 1 drivers
v0x555555887060_0 .net "hm01b0_sda", 0 0, L_0x555555898820;  alias, 1 drivers
v0x555555887100_0 .net "hm01b0_trig_debug_led", 0 0, L_0x555555847bd0;  1 drivers
o0x7f72ca56fcb8 .functor BUFZ 1, C4<z>; HiZ drive
v0x5555558871a0_0 .net "hm01b0_vsync", 0 0, o0x7f72ca56fcb8;  0 drivers
v0x555555887240_0 .net "myScl", 0 0, L_0x555555898b70;  1 drivers
v0x5555558872e0_0 .net "mySda", 0 0, L_0x55555582ef20;  1 drivers
v0x5555558873b0_0 .net "osc_12m", 0 0, v0x555555887a90_0;  1 drivers
v0x555555887560_0 .net "reset", 0 0, L_0x5555558986a0;  1 drivers
v0x555555887600_0 .net "uart_tx_config_copi", 0 0, o0x7f72ca56fce8;  0 drivers
L_0x5555558981d0 .functor MUXZ 1, L_0x7f72ca524180, o0x7f72ca56fad8, o0x7f72ca56fcb8, C4<>;
L_0x555555898cf0 .part/pv L_0x555555898d90, 0, 2, 7;
L_0x555555898d90 .concat [ 1 1 0 0], L_0x555555898b70, L_0x55555582ef20;
S_0x555555881980 .scope module, "initializer" "i2c_initializer" 5 197, 5 5 0, S_0x5555558816b0;
 .timescale -9 -10;
    .port_info 0 /INPUT 1 "clock";
    .port_info 1 /INPUT 1 "reset";
    .port_info 2 /INOUT 1 "hm01b0_sda";
    .port_info 3 /INOUT 1 "hm01b0_scl";
    .port_info 4 /OUTPUT 1 "mySda";
    .port_info 5 /OUTPUT 1 "myScl";
L_0x55555582ef20 .functor BUFZ 1, v0x555555885430_0, C4<0>, C4<0>, C4<0>;
L_0x555555898b70 .functor BUFZ 1, v0x5555558850a0_0, C4<0>, C4<0>, C4<0>;
L_0x7f72ca5242e8 .functor BUFT 1, C4<1>, C4<0>, C4<0>, C4<0>;
v0x555555882960_0 .net/2u *"_ivl_0", 0 0, L_0x7f72ca5242e8;  1 drivers
L_0x7f72ca524330 .functor BUFT 1, C4<0>, C4<0>, C4<0>, C4<0>;
v0x555555882a40_0 .net/2u *"_ivl_2", 0 0, L_0x7f72ca524330;  1 drivers
L_0x7f72ca524378 .functor BUFT 1, C4<1>, C4<0>, C4<0>, C4<0>;
v0x555555882b20_0 .net/2u *"_ivl_6", 0 0, L_0x7f72ca524378;  1 drivers
L_0x7f72ca5243c0 .functor BUFT 1, C4<0>, C4<0>, C4<0>, C4<0>;
v0x555555882c10_0 .net/2u *"_ivl_8", 0 0, L_0x7f72ca5243c0;  1 drivers
v0x555555882cf0_0 .var "bit_adr", 3 0;
v0x555555882e20_0 .var "bit_adr_next", 3 0;
v0x555555882f00_0 .var "byte_adr", 1 0;
v0x555555882fe0_0 .var "byte_adr_next", 1 0;
v0x5555558830c0_0 .net "clock", 0 0, v0x555555887a90_0;  alias, 1 drivers
v0x555555883160_0 .net "hm01b0_scl", 0 0, L_0x555555898960;  alias, 1 drivers
v0x555555883200_0 .net "hm01b0_sda", 0 0, L_0x555555898820;  alias, 1 drivers
v0x5555558832c0 .array "mem", 159 0, 23 0;
v0x555555884c90_0 .var "mem_adr", 7 0;
v0x555555884d70_0 .var "mem_adr_next", 7 0;
v0x555555884e50_0 .net "myScl", 0 0, L_0x555555898b70;  alias, 1 drivers
v0x555555884f10_0 .net "mySda", 0 0, L_0x55555582ef20;  alias, 1 drivers
v0x555555884fd0_0 .net "reset", 0 0, L_0x5555558986a0;  alias, 1 drivers
v0x5555558850a0_0 .var "scl", 0 0;
v0x555555885140_0 .net "scl_freq", 0 0, v0x555555882750_0;  1 drivers
v0x555555885210_0 .var "scl_freq_prev", 0 0;
v0x5555558852b0_0 .var "scl_freq_prev_prev", 0 0;
v0x555555885370_0 .var "scl_next", 0 0;
v0x555555885430_0 .var "sda", 0 0;
v0x5555558854f0_0 .var "sda_next", 0 0;
v0x5555558855b0_0 .var "stopping", 0 0;
v0x555555885670_0 .var "stopping_2", 0 0;
v0x555555885730_0 .var "stopping_2_next", 0 0;
v0x5555558857f0_0 .var "stopping_next", 0 0;
v0x5555558858b0_0 .var "txing", 0 0;
v0x555555885970_0 .var "txing_next", 0 0;
E_0x555555820ae0/0 .event anyedge, v0x555555885430_0, v0x5555558850a0_0, v0x555555884c90_0, v0x555555882f00_0;
E_0x555555820ae0/1 .event anyedge, v0x555555882cf0_0, v0x5555558858b0_0, v0x5555558855b0_0, v0x555555885670_0;
E_0x555555820ae0/2 .event anyedge, v0x555555882820_0, v0x555555882750_0, v0x555555885210_0, v0x5555558852b0_0;
v0x5555558832c0_0 .array/port v0x5555558832c0, 0;
v0x5555558832c0_1 .array/port v0x5555558832c0, 1;
v0x5555558832c0_2 .array/port v0x5555558832c0, 2;
v0x5555558832c0_3 .array/port v0x5555558832c0, 3;
E_0x555555820ae0/3 .event anyedge, v0x5555558832c0_0, v0x5555558832c0_1, v0x5555558832c0_2, v0x5555558832c0_3;
v0x5555558832c0_4 .array/port v0x5555558832c0, 4;
v0x5555558832c0_5 .array/port v0x5555558832c0, 5;
v0x5555558832c0_6 .array/port v0x5555558832c0, 6;
v0x5555558832c0_7 .array/port v0x5555558832c0, 7;
E_0x555555820ae0/4 .event anyedge, v0x5555558832c0_4, v0x5555558832c0_5, v0x5555558832c0_6, v0x5555558832c0_7;
v0x5555558832c0_8 .array/port v0x5555558832c0, 8;
v0x5555558832c0_9 .array/port v0x5555558832c0, 9;
v0x5555558832c0_10 .array/port v0x5555558832c0, 10;
v0x5555558832c0_11 .array/port v0x5555558832c0, 11;
E_0x555555820ae0/5 .event anyedge, v0x5555558832c0_8, v0x5555558832c0_9, v0x5555558832c0_10, v0x5555558832c0_11;
v0x5555558832c0_12 .array/port v0x5555558832c0, 12;
v0x5555558832c0_13 .array/port v0x5555558832c0, 13;
v0x5555558832c0_14 .array/port v0x5555558832c0, 14;
v0x5555558832c0_15 .array/port v0x5555558832c0, 15;
E_0x555555820ae0/6 .event anyedge, v0x5555558832c0_12, v0x5555558832c0_13, v0x5555558832c0_14, v0x5555558832c0_15;
v0x5555558832c0_16 .array/port v0x5555558832c0, 16;
v0x5555558832c0_17 .array/port v0x5555558832c0, 17;
v0x5555558832c0_18 .array/port v0x5555558832c0, 18;
v0x5555558832c0_19 .array/port v0x5555558832c0, 19;
E_0x555555820ae0/7 .event anyedge, v0x5555558832c0_16, v0x5555558832c0_17, v0x5555558832c0_18, v0x5555558832c0_19;
v0x5555558832c0_20 .array/port v0x5555558832c0, 20;
v0x5555558832c0_21 .array/port v0x5555558832c0, 21;
v0x5555558832c0_22 .array/port v0x5555558832c0, 22;
v0x5555558832c0_23 .array/port v0x5555558832c0, 23;
E_0x555555820ae0/8 .event anyedge, v0x5555558832c0_20, v0x5555558832c0_21, v0x5555558832c0_22, v0x5555558832c0_23;
v0x5555558832c0_24 .array/port v0x5555558832c0, 24;
v0x5555558832c0_25 .array/port v0x5555558832c0, 25;
v0x5555558832c0_26 .array/port v0x5555558832c0, 26;
v0x5555558832c0_27 .array/port v0x5555558832c0, 27;
E_0x555555820ae0/9 .event anyedge, v0x5555558832c0_24, v0x5555558832c0_25, v0x5555558832c0_26, v0x5555558832c0_27;
v0x5555558832c0_28 .array/port v0x5555558832c0, 28;
v0x5555558832c0_29 .array/port v0x5555558832c0, 29;
v0x5555558832c0_30 .array/port v0x5555558832c0, 30;
v0x5555558832c0_31 .array/port v0x5555558832c0, 31;
E_0x555555820ae0/10 .event anyedge, v0x5555558832c0_28, v0x5555558832c0_29, v0x5555558832c0_30, v0x5555558832c0_31;
v0x5555558832c0_32 .array/port v0x5555558832c0, 32;
v0x5555558832c0_33 .array/port v0x5555558832c0, 33;
v0x5555558832c0_34 .array/port v0x5555558832c0, 34;
v0x5555558832c0_35 .array/port v0x5555558832c0, 35;
E_0x555555820ae0/11 .event anyedge, v0x5555558832c0_32, v0x5555558832c0_33, v0x5555558832c0_34, v0x5555558832c0_35;
v0x5555558832c0_36 .array/port v0x5555558832c0, 36;
v0x5555558832c0_37 .array/port v0x5555558832c0, 37;
v0x5555558832c0_38 .array/port v0x5555558832c0, 38;
v0x5555558832c0_39 .array/port v0x5555558832c0, 39;
E_0x555555820ae0/12 .event anyedge, v0x5555558832c0_36, v0x5555558832c0_37, v0x5555558832c0_38, v0x5555558832c0_39;
v0x5555558832c0_40 .array/port v0x5555558832c0, 40;
v0x5555558832c0_41 .array/port v0x5555558832c0, 41;
v0x5555558832c0_42 .array/port v0x5555558832c0, 42;
v0x5555558832c0_43 .array/port v0x5555558832c0, 43;
E_0x555555820ae0/13 .event anyedge, v0x5555558832c0_40, v0x5555558832c0_41, v0x5555558832c0_42, v0x5555558832c0_43;
v0x5555558832c0_44 .array/port v0x5555558832c0, 44;
v0x5555558832c0_45 .array/port v0x5555558832c0, 45;
v0x5555558832c0_46 .array/port v0x5555558832c0, 46;
v0x5555558832c0_47 .array/port v0x5555558832c0, 47;
E_0x555555820ae0/14 .event anyedge, v0x5555558832c0_44, v0x5555558832c0_45, v0x5555558832c0_46, v0x5555558832c0_47;
v0x5555558832c0_48 .array/port v0x5555558832c0, 48;
v0x5555558832c0_49 .array/port v0x5555558832c0, 49;
v0x5555558832c0_50 .array/port v0x5555558832c0, 50;
v0x5555558832c0_51 .array/port v0x5555558832c0, 51;
E_0x555555820ae0/15 .event anyedge, v0x5555558832c0_48, v0x5555558832c0_49, v0x5555558832c0_50, v0x5555558832c0_51;
v0x5555558832c0_52 .array/port v0x5555558832c0, 52;
v0x5555558832c0_53 .array/port v0x5555558832c0, 53;
v0x5555558832c0_54 .array/port v0x5555558832c0, 54;
v0x5555558832c0_55 .array/port v0x5555558832c0, 55;
E_0x555555820ae0/16 .event anyedge, v0x5555558832c0_52, v0x5555558832c0_53, v0x5555558832c0_54, v0x5555558832c0_55;
v0x5555558832c0_56 .array/port v0x5555558832c0, 56;
v0x5555558832c0_57 .array/port v0x5555558832c0, 57;
v0x5555558832c0_58 .array/port v0x5555558832c0, 58;
v0x5555558832c0_59 .array/port v0x5555558832c0, 59;
E_0x555555820ae0/17 .event anyedge, v0x5555558832c0_56, v0x5555558832c0_57, v0x5555558832c0_58, v0x5555558832c0_59;
v0x5555558832c0_60 .array/port v0x5555558832c0, 60;
v0x5555558832c0_61 .array/port v0x5555558832c0, 61;
v0x5555558832c0_62 .array/port v0x5555558832c0, 62;
v0x5555558832c0_63 .array/port v0x5555558832c0, 63;
E_0x555555820ae0/18 .event anyedge, v0x5555558832c0_60, v0x5555558832c0_61, v0x5555558832c0_62, v0x5555558832c0_63;
v0x5555558832c0_64 .array/port v0x5555558832c0, 64;
v0x5555558832c0_65 .array/port v0x5555558832c0, 65;
v0x5555558832c0_66 .array/port v0x5555558832c0, 66;
v0x5555558832c0_67 .array/port v0x5555558832c0, 67;
E_0x555555820ae0/19 .event anyedge, v0x5555558832c0_64, v0x5555558832c0_65, v0x5555558832c0_66, v0x5555558832c0_67;
v0x5555558832c0_68 .array/port v0x5555558832c0, 68;
v0x5555558832c0_69 .array/port v0x5555558832c0, 69;
v0x5555558832c0_70 .array/port v0x5555558832c0, 70;
v0x5555558832c0_71 .array/port v0x5555558832c0, 71;
E_0x555555820ae0/20 .event anyedge, v0x5555558832c0_68, v0x5555558832c0_69, v0x5555558832c0_70, v0x5555558832c0_71;
v0x5555558832c0_72 .array/port v0x5555558832c0, 72;
v0x5555558832c0_73 .array/port v0x5555558832c0, 73;
v0x5555558832c0_74 .array/port v0x5555558832c0, 74;
v0x5555558832c0_75 .array/port v0x5555558832c0, 75;
E_0x555555820ae0/21 .event anyedge, v0x5555558832c0_72, v0x5555558832c0_73, v0x5555558832c0_74, v0x5555558832c0_75;
v0x5555558832c0_76 .array/port v0x5555558832c0, 76;
v0x5555558832c0_77 .array/port v0x5555558832c0, 77;
v0x5555558832c0_78 .array/port v0x5555558832c0, 78;
v0x5555558832c0_79 .array/port v0x5555558832c0, 79;
E_0x555555820ae0/22 .event anyedge, v0x5555558832c0_76, v0x5555558832c0_77, v0x5555558832c0_78, v0x5555558832c0_79;
v0x5555558832c0_80 .array/port v0x5555558832c0, 80;
v0x5555558832c0_81 .array/port v0x5555558832c0, 81;
v0x5555558832c0_82 .array/port v0x5555558832c0, 82;
v0x5555558832c0_83 .array/port v0x5555558832c0, 83;
E_0x555555820ae0/23 .event anyedge, v0x5555558832c0_80, v0x5555558832c0_81, v0x5555558832c0_82, v0x5555558832c0_83;
v0x5555558832c0_84 .array/port v0x5555558832c0, 84;
v0x5555558832c0_85 .array/port v0x5555558832c0, 85;
v0x5555558832c0_86 .array/port v0x5555558832c0, 86;
v0x5555558832c0_87 .array/port v0x5555558832c0, 87;
E_0x555555820ae0/24 .event anyedge, v0x5555558832c0_84, v0x5555558832c0_85, v0x5555558832c0_86, v0x5555558832c0_87;
v0x5555558832c0_88 .array/port v0x5555558832c0, 88;
v0x5555558832c0_89 .array/port v0x5555558832c0, 89;
v0x5555558832c0_90 .array/port v0x5555558832c0, 90;
v0x5555558832c0_91 .array/port v0x5555558832c0, 91;
E_0x555555820ae0/25 .event anyedge, v0x5555558832c0_88, v0x5555558832c0_89, v0x5555558832c0_90, v0x5555558832c0_91;
v0x5555558832c0_92 .array/port v0x5555558832c0, 92;
v0x5555558832c0_93 .array/port v0x5555558832c0, 93;
v0x5555558832c0_94 .array/port v0x5555558832c0, 94;
v0x5555558832c0_95 .array/port v0x5555558832c0, 95;
E_0x555555820ae0/26 .event anyedge, v0x5555558832c0_92, v0x5555558832c0_93, v0x5555558832c0_94, v0x5555558832c0_95;
v0x5555558832c0_96 .array/port v0x5555558832c0, 96;
v0x5555558832c0_97 .array/port v0x5555558832c0, 97;
v0x5555558832c0_98 .array/port v0x5555558832c0, 98;
v0x5555558832c0_99 .array/port v0x5555558832c0, 99;
E_0x555555820ae0/27 .event anyedge, v0x5555558832c0_96, v0x5555558832c0_97, v0x5555558832c0_98, v0x5555558832c0_99;
v0x5555558832c0_100 .array/port v0x5555558832c0, 100;
v0x5555558832c0_101 .array/port v0x5555558832c0, 101;
v0x5555558832c0_102 .array/port v0x5555558832c0, 102;
v0x5555558832c0_103 .array/port v0x5555558832c0, 103;
E_0x555555820ae0/28 .event anyedge, v0x5555558832c0_100, v0x5555558832c0_101, v0x5555558832c0_102, v0x5555558832c0_103;
v0x5555558832c0_104 .array/port v0x5555558832c0, 104;
v0x5555558832c0_105 .array/port v0x5555558832c0, 105;
v0x5555558832c0_106 .array/port v0x5555558832c0, 106;
v0x5555558832c0_107 .array/port v0x5555558832c0, 107;
E_0x555555820ae0/29 .event anyedge, v0x5555558832c0_104, v0x5555558832c0_105, v0x5555558832c0_106, v0x5555558832c0_107;
v0x5555558832c0_108 .array/port v0x5555558832c0, 108;
v0x5555558832c0_109 .array/port v0x5555558832c0, 109;
v0x5555558832c0_110 .array/port v0x5555558832c0, 110;
v0x5555558832c0_111 .array/port v0x5555558832c0, 111;
E_0x555555820ae0/30 .event anyedge, v0x5555558832c0_108, v0x5555558832c0_109, v0x5555558832c0_110, v0x5555558832c0_111;
v0x5555558832c0_112 .array/port v0x5555558832c0, 112;
v0x5555558832c0_113 .array/port v0x5555558832c0, 113;
v0x5555558832c0_114 .array/port v0x5555558832c0, 114;
v0x5555558832c0_115 .array/port v0x5555558832c0, 115;
E_0x555555820ae0/31 .event anyedge, v0x5555558832c0_112, v0x5555558832c0_113, v0x5555558832c0_114, v0x5555558832c0_115;
v0x5555558832c0_116 .array/port v0x5555558832c0, 116;
v0x5555558832c0_117 .array/port v0x5555558832c0, 117;
v0x5555558832c0_118 .array/port v0x5555558832c0, 118;
v0x5555558832c0_119 .array/port v0x5555558832c0, 119;
E_0x555555820ae0/32 .event anyedge, v0x5555558832c0_116, v0x5555558832c0_117, v0x5555558832c0_118, v0x5555558832c0_119;
v0x5555558832c0_120 .array/port v0x5555558832c0, 120;
v0x5555558832c0_121 .array/port v0x5555558832c0, 121;
v0x5555558832c0_122 .array/port v0x5555558832c0, 122;
v0x5555558832c0_123 .array/port v0x5555558832c0, 123;
E_0x555555820ae0/33 .event anyedge, v0x5555558832c0_120, v0x5555558832c0_121, v0x5555558832c0_122, v0x5555558832c0_123;
v0x5555558832c0_124 .array/port v0x5555558832c0, 124;
v0x5555558832c0_125 .array/port v0x5555558832c0, 125;
v0x5555558832c0_126 .array/port v0x5555558832c0, 126;
v0x5555558832c0_127 .array/port v0x5555558832c0, 127;
E_0x555555820ae0/34 .event anyedge, v0x5555558832c0_124, v0x5555558832c0_125, v0x5555558832c0_126, v0x5555558832c0_127;
v0x5555558832c0_128 .array/port v0x5555558832c0, 128;
v0x5555558832c0_129 .array/port v0x5555558832c0, 129;
v0x5555558832c0_130 .array/port v0x5555558832c0, 130;
v0x5555558832c0_131 .array/port v0x5555558832c0, 131;
E_0x555555820ae0/35 .event anyedge, v0x5555558832c0_128, v0x5555558832c0_129, v0x5555558832c0_130, v0x5555558832c0_131;
v0x5555558832c0_132 .array/port v0x5555558832c0, 132;
v0x5555558832c0_133 .array/port v0x5555558832c0, 133;
v0x5555558832c0_134 .array/port v0x5555558832c0, 134;
v0x5555558832c0_135 .array/port v0x5555558832c0, 135;
E_0x555555820ae0/36 .event anyedge, v0x5555558832c0_132, v0x5555558832c0_133, v0x5555558832c0_134, v0x5555558832c0_135;
v0x5555558832c0_136 .array/port v0x5555558832c0, 136;
v0x5555558832c0_137 .array/port v0x5555558832c0, 137;
v0x5555558832c0_138 .array/port v0x5555558832c0, 138;
v0x5555558832c0_139 .array/port v0x5555558832c0, 139;
E_0x555555820ae0/37 .event anyedge, v0x5555558832c0_136, v0x5555558832c0_137, v0x5555558832c0_138, v0x5555558832c0_139;
v0x5555558832c0_140 .array/port v0x5555558832c0, 140;
v0x5555558832c0_141 .array/port v0x5555558832c0, 141;
v0x5555558832c0_142 .array/port v0x5555558832c0, 142;
v0x5555558832c0_143 .array/port v0x5555558832c0, 143;
E_0x555555820ae0/38 .event anyedge, v0x5555558832c0_140, v0x5555558832c0_141, v0x5555558832c0_142, v0x5555558832c0_143;
v0x5555558832c0_144 .array/port v0x5555558832c0, 144;
v0x5555558832c0_145 .array/port v0x5555558832c0, 145;
v0x5555558832c0_146 .array/port v0x5555558832c0, 146;
v0x5555558832c0_147 .array/port v0x5555558832c0, 147;
E_0x555555820ae0/39 .event anyedge, v0x5555558832c0_144, v0x5555558832c0_145, v0x5555558832c0_146, v0x5555558832c0_147;
v0x5555558832c0_148 .array/port v0x5555558832c0, 148;
v0x5555558832c0_149 .array/port v0x5555558832c0, 149;
v0x5555558832c0_150 .array/port v0x5555558832c0, 150;
v0x5555558832c0_151 .array/port v0x5555558832c0, 151;
E_0x555555820ae0/40 .event anyedge, v0x5555558832c0_148, v0x5555558832c0_149, v0x5555558832c0_150, v0x5555558832c0_151;
v0x5555558832c0_152 .array/port v0x5555558832c0, 152;
v0x5555558832c0_153 .array/port v0x5555558832c0, 153;
v0x5555558832c0_154 .array/port v0x5555558832c0, 154;
v0x5555558832c0_155 .array/port v0x5555558832c0, 155;
E_0x555555820ae0/41 .event anyedge, v0x5555558832c0_152, v0x5555558832c0_153, v0x5555558832c0_154, v0x5555558832c0_155;
v0x5555558832c0_156 .array/port v0x5555558832c0, 156;
v0x5555558832c0_157 .array/port v0x5555558832c0, 157;
v0x5555558832c0_158 .array/port v0x5555558832c0, 158;
v0x5555558832c0_159 .array/port v0x5555558832c0, 159;
E_0x555555820ae0/42 .event anyedge, v0x5555558832c0_156, v0x5555558832c0_157, v0x5555558832c0_158, v0x5555558832c0_159;
E_0x555555820ae0 .event/or E_0x555555820ae0/0, E_0x555555820ae0/1, E_0x555555820ae0/2, E_0x555555820ae0/3, E_0x555555820ae0/4, E_0x555555820ae0/5, E_0x555555820ae0/6, E_0x555555820ae0/7, E_0x555555820ae0/8, E_0x555555820ae0/9, E_0x555555820ae0/10, E_0x555555820ae0/11, E_0x555555820ae0/12, E_0x555555820ae0/13, E_0x555555820ae0/14, E_0x555555820ae0/15, E_0x555555820ae0/16, E_0x555555820ae0/17, E_0x555555820ae0/18, E_0x555555820ae0/19, E_0x555555820ae0/20, E_0x555555820ae0/21, E_0x555555820ae0/22, E_0x555555820ae0/23, E_0x555555820ae0/24, E_0x555555820ae0/25, E_0x555555820ae0/26, E_0x555555820ae0/27, E_0x555555820ae0/28, E_0x555555820ae0/29, E_0x555555820ae0/30, E_0x555555820ae0/31, E_0x555555820ae0/32, E_0x555555820ae0/33, E_0x555555820ae0/34, E_0x555555820ae0/35, E_0x555555820ae0/36, E_0x555555820ae0/37, E_0x555555820ae0/38, E_0x555555820ae0/39, E_0x555555820ae0/40, E_0x555555820ae0/41, E_0x555555820ae0/42;
L_0x555555898820 .functor MUXZ 1, L_0x7f72ca524330, L_0x7f72ca5242e8, v0x555555885430_0, C4<>;
L_0x555555898960 .functor MUXZ 1, L_0x7f72ca5243c0, L_0x7f72ca524378, v0x5555558850a0_0, C4<>;
S_0x5555558821b0 .scope module, "div" "divide_by_n" 5 24, 3 3 0, S_0x555555881980;
 .timescale -9 -10;
    .port_info 0 /INPUT 1 "clk";
    .port_info 1 /INPUT 1 "reset";
    .port_info 2 /OUTPUT 1 "out";
P_0x555555866170 .param/l "N" 0 3 6, +C4<00000000000000000000000011010101>;
P_0x5555558661b0 .param/l "cwidth" 1 3 7, +C4<00000000000000000000000000001000>;
v0x555555882590_0 .net "clk", 0 0, v0x555555887a90_0;  alias, 1 drivers
v0x555555882670_0 .var "counter", 7 0;
v0x555555882750_0 .var "out", 0 0;
v0x555555882820_0 .net "reset", 0 0, L_0x5555558986a0;  alias, 1 drivers
E_0x555555866200 .event posedge, v0x555555882590_0;
S_0x555555885b30 .scope module, "r" "resetter" 5 189, 3 26 0, S_0x5555558816b0;
 .timescale -9 -10;
    .port_info 0 /INPUT 1 "clock";
    .port_info 1 /OUTPUT 1 "reset";
P_0x555555882400 .param/l "count_maxval" 0 3 28, +C4<00000000000000000000000000000101>;
P_0x555555882440 .param/l "count_width" 1 3 29, +C4<00000000000000000000000000000011>;
v0x555555885e70_0 .net *"_ivl_0", 31 0, L_0x555555898320;  1 drivers
L_0x7f72ca5242a0 .functor BUFT 1, C4<1>, C4<0>, C4<0>, C4<0>;
v0x555555885f70_0 .net/2u *"_ivl_10", 0 0, L_0x7f72ca5242a0;  1 drivers
L_0x7f72ca5241c8 .functor BUFT 1, C4<00000000000000000000000000000>, C4<0>, C4<0>, C4<0>;
v0x555555886050_0 .net *"_ivl_3", 28 0, L_0x7f72ca5241c8;  1 drivers
L_0x7f72ca524210 .functor BUFT 1, C4<00000000000000000000000000000101>, C4<0>, C4<0>, C4<0>;
v0x555555886140_0 .net/2u *"_ivl_4", 31 0, L_0x7f72ca524210;  1 drivers
v0x555555886220_0 .net *"_ivl_6", 0 0, L_0x5555558984a0;  1 drivers
L_0x7f72ca524258 .functor BUFT 1, C4<0>, C4<0>, C4<0>, C4<0>;
v0x555555886330_0 .net/2u *"_ivl_8", 0 0, L_0x7f72ca524258;  1 drivers
v0x555555886410_0 .net "clock", 0 0, v0x555555887a90_0;  alias, 1 drivers
v0x555555886500_0 .net "reset", 0 0, L_0x5555558986a0;  alias, 1 drivers
v0x5555558865f0_0 .var "reset_count", 2 0;
L_0x555555898320 .concat [ 3 29 0 0], v0x5555558865f0_0, L_0x7f72ca5241c8;
L_0x5555558984a0 .cmp/eq 32, L_0x555555898320, L_0x7f72ca524210;
L_0x5555558986a0 .functor MUXZ 1, L_0x7f72ca5242a0, L_0x7f72ca524258, L_0x5555558984a0, C4<>;
    .scope S_0x55555582fde0;
T_0 ;
    %wait E_0x55555584a8a0;
    %load/vec4 v0x5555558379e0_0;
    %cmpi/u 10, 0, 4;
    %jmp/0xz  T_0.0, 5;
    %pushi/vec4 0, 0, 4;
    %load/vec4 v0x5555558379e0_0;
    %concat/vec4; draw_concat_vec4
    %addi 48, 0, 8;
    %store/vec4 v0x555555835d90_0, 0, 8;
    %jmp T_0.1;
T_0.0 ;
    %pushi/vec4 0, 0, 4;
    %load/vec4 v0x5555558379e0_0;
    %concat/vec4; draw_concat_vec4
    %addi 87, 0, 8;
    %store/vec4 v0x555555835d90_0, 0, 8;
T_0.1 ;
    %jmp T_0;
    .thread T_0, $push;
    .scope S_0x555555831a60;
T_1 ;
    %pushi/vec4 0, 0, 10;
    %store/vec4 v0x5555558813d0_0, 0, 10;
    %end;
    .thread T_1;
    .scope S_0x555555831a60;
T_2 ;
    %wait E_0x55555584a5e0;
    %load/vec4 v0x555555881570_0;
    %nor/r;
    %flag_set/vec4 8;
    %jmp/0xz  T_2.0, 8;
    %load/vec4 v0x5555558813d0_0;
    %pad/u 34;
    %cmpi/e 527, 0, 34;
    %flag_mov 8, 4;
    %jmp/0 T_2.2, 8;
    %pushi/vec4 527, 0, 34;
    %jmp/1 T_2.3, 8;
T_2.2 ; End of true expr.
    %load/vec4 v0x5555558813d0_0;
    %pad/u 34;
    %addi 1, 0, 34;
    %jmp/0 T_2.3, 8;
 ; End of false expr.
    %blend;
T_2.3;
    %pad/u 10;
    %assign/vec4 v0x5555558813d0_0, 0;
    %jmp T_2.1;
T_2.0 ;
    %pushi/vec4 0, 0, 10;
    %assign/vec4 v0x5555558813d0_0, 0;
T_2.1 ;
    %jmp T_2;
    .thread T_2;
    .scope S_0x555555885b30;
T_3 ;
    %pushi/vec4 0, 0, 3;
    %store/vec4 v0x5555558865f0_0, 0, 3;
    %end;
    .thread T_3;
    .scope S_0x555555885b30;
T_4 ;
    %wait E_0x555555866200;
    %load/vec4 v0x5555558865f0_0;
    %pad/u 32;
    %cmpi/e 5, 0, 32;
    %flag_mov 8, 4;
    %jmp/0 T_4.0, 8;
    %pushi/vec4 5, 0, 32;
    %jmp/1 T_4.1, 8;
T_4.0 ; End of true expr.
    %load/vec4 v0x5555558865f0_0;
    %pad/u 32;
    %addi 1, 0, 32;
    %jmp/0 T_4.1, 8;
 ; End of false expr.
    %blend;
T_4.1;
    %pad/u 3;
    %assign/vec4 v0x5555558865f0_0, 0;
    %jmp T_4;
    .thread T_4;
    .scope S_0x5555558821b0;
T_5 ;
    %wait E_0x555555866200;
    %load/vec4 v0x555555882820_0;
    %flag_set/vec4 8;
    %jmp/0xz  T_5.0, 8;
    %pushi/vec4 212, 0, 8;
    %assign/vec4 v0x555555882670_0, 0;
    %pushi/vec4 0, 0, 1;
    %assign/vec4 v0x555555882750_0, 0;
    %jmp T_5.1;
T_5.0 ;
    %load/vec4 v0x555555882670_0;
    %pad/u 32;
    %cmpi/e 0, 0, 32;
    %jmp/0xz  T_5.2, 4;
    %pushi/vec4 212, 0, 8;
    %assign/vec4 v0x555555882670_0, 0;
    %jmp T_5.3;
T_5.2 ;
    %load/vec4 v0x555555882670_0;
    %subi 1, 0, 8;
    %assign/vec4 v0x555555882670_0, 0;
T_5.3 ;
    %load/vec4 v0x555555882670_0;
    %pad/u 32;
    %cmpi/u 106, 0, 32;
    %flag_mov 8, 5;
    %jmp/0 T_5.4, 8;
    %pushi/vec4 1, 0, 1;
    %jmp/1 T_5.5, 8;
T_5.4 ; End of true expr.
    %pushi/vec4 0, 0, 1;
    %jmp/0 T_5.5, 8;
 ; End of false expr.
    %blend;
T_5.5;
    %assign/vec4 v0x555555882750_0, 0;
T_5.1 ;
    %jmp T_5;
    .thread T_5;
    .scope S_0x555555881980;
T_6 ;
    %vpi_call/w 5 35 "$readmemh", "new_hex.hex", v0x5555558832c0 {0 0 0};
    %end;
    .thread T_6;
    .scope S_0x555555881980;
T_7 ;
    %wait E_0x555555866200;
    %load/vec4 v0x5555558854f0_0;
    %assign/vec4 v0x555555885430_0, 0;
    %load/vec4 v0x555555885370_0;
    %assign/vec4 v0x5555558850a0_0, 0;
    %load/vec4 v0x555555884d70_0;
    %assign/vec4 v0x555555884c90_0, 0;
    %load/vec4 v0x555555882fe0_0;
    %assign/vec4 v0x555555882f00_0, 0;
    %load/vec4 v0x555555882e20_0;
    %assign/vec4 v0x555555882cf0_0, 0;
    %load/vec4 v0x555555885140_0;
    %assign/vec4 v0x555555885210_0, 0;
    %load/vec4 v0x555555885210_0;
    %assign/vec4 v0x5555558852b0_0, 0;
    %load/vec4 v0x555555885970_0;
    %assign/vec4 v0x5555558858b0_0, 0;
    %load/vec4 v0x5555558857f0_0;
    %assign/vec4 v0x5555558855b0_0, 0;
    %load/vec4 v0x555555885730_0;
    %assign/vec4 v0x555555885670_0, 0;
    %jmp T_7;
    .thread T_7;
    .scope S_0x555555881980;
T_8 ;
    %wait E_0x555555820ae0;
    %load/vec4 v0x555555885430_0;
    %store/vec4 v0x5555558854f0_0, 0, 1;
    %load/vec4 v0x5555558850a0_0;
    %store/vec4 v0x555555885370_0, 0, 1;
    %load/vec4 v0x555555884c90_0;
    %store/vec4 v0x555555884d70_0, 0, 8;
    %load/vec4 v0x555555882f00_0;
    %store/vec4 v0x555555882fe0_0, 0, 2;
    %load/vec4 v0x555555882cf0_0;
    %store/vec4 v0x555555882e20_0, 0, 4;
    %load/vec4 v0x5555558858b0_0;
    %store/vec4 v0x555555885970_0, 0, 1;
    %load/vec4 v0x5555558855b0_0;
    %store/vec4 v0x5555558857f0_0, 0, 1;
    %load/vec4 v0x555555885670_0;
    %store/vec4 v0x555555885730_0, 0, 1;
    %load/vec4 v0x555555884fd0_0;
    %flag_set/vec4 8;
    %jmp/0xz  T_8.0, 8;
    %pushi/vec4 1, 0, 1;
    %store/vec4 v0x5555558854f0_0, 0, 1;
    %pushi/vec4 1, 0, 1;
    %store/vec4 v0x555555885370_0, 0, 1;
    %pushi/vec4 0, 0, 8;
    %store/vec4 v0x555555884d70_0, 0, 8;
    %pushi/vec4 3, 0, 2;
    %store/vec4 v0x555555882fe0_0, 0, 2;
    %pushi/vec4 7, 0, 4;
    %store/vec4 v0x555555882e20_0, 0, 4;
    %pushi/vec4 0, 0, 1;
    %store/vec4 v0x555555885970_0, 0, 1;
    %pushi/vec4 0, 0, 1;
    %store/vec4 v0x5555558857f0_0, 0, 1;
    %pushi/vec4 0, 0, 1;
    %store/vec4 v0x555555885730_0, 0, 1;
    %jmp T_8.1;
T_8.0 ;
    %load/vec4 v0x555555884c90_0;
    %pad/u 32;
    %cmpi/u 160, 0, 32;
    %flag_inv 5; GE is !LT
    %jmp/0xz  T_8.2, 5;
    %pushi/vec4 1, 0, 1;
    %store/vec4 v0x5555558854f0_0, 0, 1;
    %jmp T_8.3;
T_8.2 ;
    %load/vec4 v0x555555885140_0;
    %flag_set/vec4 9;
    %flag_get/vec4 9;
    %jmp/0 T_8.6, 9;
    %load/vec4 v0x555555885210_0;
    %nor/r;
    %and;
T_8.6;
    %flag_set/vec4 8;
    %jmp/0xz  T_8.4, 8;
    %pushi/vec4 1, 0, 1;
    %store/vec4 v0x555555885370_0, 0, 1;
    %jmp T_8.5;
T_8.4 ;
    %load/vec4 v0x555555885210_0;
    %flag_set/vec4 9;
    %flag_get/vec4 9;
    %jmp/0 T_8.9, 9;
    %load/vec4 v0x5555558852b0_0;
    %nor/r;
    %and;
T_8.9;
    %flag_set/vec4 8;
    %jmp/0xz  T_8.7, 8;
    %load/vec4 v0x5555558855b0_0;
    %nor/r;
    %flag_set/vec4 9;
    %flag_get/vec4 9;
    %jmp/0 T_8.12, 9;
    %load/vec4 v0x555555885670_0;
    %and;
T_8.12;
    %flag_set/vec4 8;
    %jmp/0xz  T_8.10, 8;
    %load/vec4 v0x555555884c90_0;
    %addi 1, 0, 8;
    %store/vec4 v0x555555884d70_0, 0, 8;
T_8.10 ;
    %load/vec4 v0x555555885670_0;
    %flag_set/vec4 8;
    %jmp/0xz  T_8.13, 8;
    %pushi/vec4 1, 0, 1;
    %store/vec4 v0x5555558854f0_0, 0, 1;
    %pushi/vec4 0, 0, 1;
    %store/vec4 v0x5555558857f0_0, 0, 1;
    %pushi/vec4 0, 0, 1;
    %store/vec4 v0x555555885730_0, 0, 1;
T_8.13 ;
    %load/vec4 v0x5555558855b0_0;
    %flag_set/vec4 8;
    %jmp/0xz  T_8.15, 8;
    %pushi/vec4 1, 0, 1;
    %store/vec4 v0x555555885730_0, 0, 1;
    %jmp T_8.16;
T_8.15 ;
    %load/vec4 v0x555555882f00_0;
    %cmpi/e 3, 0, 2;
    %flag_get/vec4 4;
    %jmp/0 T_8.20, 4;
    %load/vec4 v0x555555882cf0_0;
    %pushi/vec4 7, 0, 4;
    %cmp/e;
    %flag_get/vec4 4;
    %and;
T_8.20;
    %flag_set/vec4 9;
    %flag_get/vec4 9;
    %jmp/0 T_8.19, 9;
    %load/vec4 v0x5555558858b0_0;
    %nor/r;
    %and;
T_8.19;
    %flag_set/vec4 8;
    %jmp/0xz  T_8.17, 8;
    %pushi/vec4 1, 0, 1;
    %store/vec4 v0x555555885970_0, 0, 1;
    %pushi/vec4 0, 0, 1;
    %store/vec4 v0x5555558854f0_0, 0, 1;
    %jmp T_8.18;
T_8.17 ;
    %load/vec4 v0x555555882f00_0;
    %cmpi/e 3, 0, 2;
    %flag_get/vec4 4;
    %jmp/0 T_8.24, 4;
    %load/vec4 v0x555555882cf0_0;
    %pushi/vec4 7, 0, 4;
    %cmp/e;
    %flag_get/vec4 4;
    %and;
T_8.24;
    %flag_set/vec4 9;
    %flag_get/vec4 9;
    %jmp/0 T_8.23, 9;
    %load/vec4 v0x5555558858b0_0;
    %and;
T_8.23;
    %flag_set/vec4 8;
    %jmp/0xz  T_8.21, 8;
    %pushi/vec4 0, 0, 1;
    %store/vec4 v0x555555885970_0, 0, 1;
    %pushi/vec4 1, 0, 1;
    %store/vec4 v0x5555558857f0_0, 0, 1;
T_8.21 ;
T_8.18 ;
T_8.16 ;
    %jmp T_8.8;
T_8.7 ;
    %load/vec4 v0x555555885140_0;
    %nor/r;
    %flag_set/vec4 9;
    %flag_get/vec4 9;
    %jmp/0 T_8.27, 9;
    %load/vec4 v0x555555885210_0;
    %and;
T_8.27;
    %flag_set/vec4 8;
    %jmp/0xz  T_8.25, 8;
    %load/vec4 v0x555555885670_0;
    %flag_set/vec4 8;
    %jmp/0 T_8.28, 8;
    %pushi/vec4 1, 0, 1;
    %jmp/1 T_8.29, 8;
T_8.28 ; End of true expr.
    %pushi/vec4 0, 0, 1;
    %jmp/0 T_8.29, 8;
 ; End of false expr.
    %blend;
T_8.29;
    %store/vec4 v0x555555885370_0, 0, 1;
    %jmp T_8.26;
T_8.25 ;
    %load/vec4 v0x555555885210_0;
    %nor/r;
    %flag_set/vec4 9;
    %flag_get/vec4 9;
    %jmp/0 T_8.32, 9;
    %load/vec4 v0x5555558852b0_0;
    %and;
T_8.32;
    %flag_set/vec4 8;
    %jmp/0xz  T_8.30, 8;
    %load/vec4 v0x5555558855b0_0;
    %flag_set/vec4 8;
    %jmp/0xz  T_8.33, 8;
    %pushi/vec4 0, 0, 1;
    %store/vec4 v0x5555558854f0_0, 0, 1;
    %jmp T_8.34;
T_8.33 ;
    %load/vec4 v0x5555558858b0_0;
    %flag_set/vec4 8;
    %jmp/0xz  T_8.35, 8;
    %load/vec4 v0x555555882cf0_0;
    %subi 1, 0, 4;
    %store/vec4 v0x555555882e20_0, 0, 4;
    %load/vec4 v0x555555882cf0_0;
    %nor/r;
    %flag_set/vec4 8;
    %jmp/0xz  T_8.37, 8;
    %load/vec4 v0x555555882f00_0;
    %addi 1, 0, 2;
    %store/vec4 v0x555555882fe0_0, 0, 2;
    %pushi/vec4 8, 0, 4;
    %store/vec4 v0x555555882e20_0, 0, 4;
T_8.37 ;
    %load/vec4 v0x555555882cf0_0;
    %cmpi/e 8, 0, 4;
    %jmp/0xz  T_8.39, 4;
    %pushi/vec4 1, 0, 1;
    %store/vec4 v0x5555558854f0_0, 0, 1;
    %jmp T_8.40;
T_8.39 ;
    %load/vec4 v0x555555882f00_0;
    %cmpi/e 3, 0, 2;
    %jmp/0xz  T_8.41, 4;
    %pushi/vec4 72, 0, 9;
    %pushi/vec4 1, 0, 9;
    %ix/getv 4, v0x555555882cf0_0;
    %shiftl 4;
    %and;
    %nor/r;
    %nor/r;
    %store/vec4 v0x5555558854f0_0, 0, 1;
    %jmp T_8.42;
T_8.41 ;
    %load/vec4 v0x555555884c90_0;
    %pad/u 9;
    %ix/vec4 4;
    %load/vec4a v0x5555558832c0, 4;
    %pushi/vec4 2, 0, 2;
    %load/vec4 v0x555555882f00_0;
    %sub;
    %load/vec4 v0x555555882cf0_0;
    %parti/s 3, 0, 2;
    %concat/vec4; draw_concat_vec4
    %part/u 1;
    %store/vec4 v0x5555558854f0_0, 0, 1;
T_8.42 ;
T_8.40 ;
T_8.35 ;
T_8.34 ;
T_8.30 ;
T_8.26 ;
T_8.8 ;
T_8.5 ;
T_8.3 ;
T_8.1 ;
    %jmp T_8;
    .thread T_8, $push;
    .scope S_0x555555852ca0;
T_9 ;
    %delay 100, 0;
    %load/vec4 v0x555555887a90_0;
    %inv;
    %store/vec4 v0x555555887a90_0, 0, 1;
    %jmp T_9;
    .thread T_9;
    .scope S_0x555555852ca0;
T_10 ;
    %pushi/vec4 0, 0, 1;
    %store/vec4 v0x555555887a90_0, 0, 1;
    %vpi_call/w 4 20 "$dumpfile", "test.vcd" {0 0 0};
    %vpi_call/w 4 21 "$dumpvars", 32'sb00000000000000000000000000000000, S_0x5555558816b0 {0 0 0};
    %pushi/vec4 0, 0, 32;
    %store/vec4 v0x5555558879f0_0, 0, 32;
T_10.0 ; Top of for-loop 
    %load/vec4 v0x5555558879f0_0;
    %cmpi/s 160, 0, 32;
    %jmp/0xz T_10.1, 5;
    %vpi_call/w 4 24 "$dumpvars", 32'sb00000000000000000000000000000000, &A<v0x5555558832c0, v0x5555558879f0_0 > {0 0 0};
T_10.2 ; for-loop step statement
    %load/vec4 v0x5555558879f0_0;
    %addi 1, 0, 32;
    %store/vec4 v0x5555558879f0_0, 0, 32;
    %jmp T_10.0;
T_10.1 ; for-loop exit label
    %delay 100000000, 0;
    %vpi_call/w 4 26 "$finish" {0 0 0};
    %end;
    .thread T_10;
# The file index is used to find the file name in the following table.
:file_names 6;
    "N/A";
    "<interactive>";
    "-";
    "../../common/util.v";
    "test.sv";
    "hm01b0_jpeg_sim.v";
